

*******************************************************************************
Fri Aug 29 15:11:49 2014


FIT:    data read from 'data.dat'
        format = z
        #datapoints = 500000
        residuals are weighted equally (unit weight)

function used for fitting: f(x)
fitted parameters initialized with current variable values



 Iteration 0
 WSSR        : 696245            delta(WSSR)/WSSR   : 0
 delta(WSSR) : 0                 limit for stopping : 1e-05
 lambda	  : 0.816497

initial set of free parameter values

a               = 1
b               = 1

After 2 iterations the fit converged.
final sum of squares of residuals : 125182
rel. change during last iteration : -2.70476e-11

degrees of freedom    (FIT_NDF)                        : 499998
rms of residuals      (FIT_STDFIT) = sqrt(WSSR/ndf)    : 0.500365
variance of residuals (reduced chisquare) = WSSR/ndf   : 0.250366

Final set of parameters            Asymptotic Standard Error
=======================            ==========================

a               = 1.99915          +/- 0.001226     (0.06131%)
b               = 0.100357         +/- 0.0007076    (0.7051%)


correlation matrix of the fit parameters:

               a      b      
a               1.000 
b              -0.000  1.000 
